#-----------------------------------------------------------
# Vivado v2019.2 (64-bit)
# SW Build 2708876 on Wed Nov  6 21:40:23 MST 2019
# IP Build 2700528 on Thu Nov  7 00:09:20 MST 2019
# Start of session at: Thu Sep  1 09:21:01 2022
# Process ID: 58304
# Current directory: F:/si/xiao/our_project/CNN-FPGA-Vivado
# Command line: vivado.exe -gui_launcher_event rodinguilauncherevent71880 F:\si\xiao\our_project\CNN-FPGA-Vivado\CNN-FPGA-Vivado.xpr
# Log file: F:/si/xiao/our_project/CNN-FPGA-Vivado/vivado.log
# Journal file: F:/si/xiao/our_project/CNN-FPGA-Vivado\vivado.jou
#-----------------------------------------------------------
start_gui
open_project F:/si/xiao/our_project/CNN-FPGA-Vivado/CNN-FPGA-Vivado.xpr
Scanning sources...
Finished scanning sources
INFO: [IP_Flow 19-234] Refreshing IP repositories
INFO: [IP_Flow 19-1704] No user IP repositories specified
INFO: [IP_Flow 19-2313] Loaded Vivado IP repository 'E:/vivado/Vivado/2019.2/data/ip'.
update_compile_order -fileset sources_1
exit
INFO: [Common 17-206] Exiting Vivado at Thu Sep  1 09:31:07 2022...
